[Wed Dec 27 08:59:40.404717 2017] [jk:warn] [pid 7:tid 140186571085696] No JkLogFile defined in httpd.conf. Using default /var/log/apache2/mod_jk.log
[Wed Dec 27 08:59:40.405275 2017] [jk:warn] [pid 7:tid 140186571085696] No JkLogFile defined in httpd.conf. Using default /var/log/apache2/mod_jk.log
[Wed Dec 27 08:59:40.405503 2017] [jk:warn] [pid 7:tid 140186571085696] No JkShmFile defined in httpd.conf. Using default /var/log/apache2/jk-runtime-status
AH00558: apache2: Could not reliably determine the server's fully qualified domain name, using 172.29.0.3. Set the 'ServerName' directive globally to suppress this message
[Wed Dec 27 08:59:40.545138 2017] [jk:warn] [pid 7:tid 140186571085696] No JkLogFile defined in httpd.conf. Using default /var/log/apache2/mod_jk.log
[Wed Dec 27 08:59:40.545180 2017] [jk:warn] [pid 7:tid 140186571085696] No JkLogFile defined in httpd.conf. Using default /var/log/apache2/mod_jk.log
[Wed Dec 27 08:59:40.545241 2017] [jk:warn] [pid 7:tid 140186571085696] No JkShmFile defined in httpd.conf. Using default /var/log/apache2/jk-runtime-status
[Wed Dec 27 08:59:40.549643 2017] [mpm_event:notice] [pid 7:tid 140186571085696] AH00489: Apache/2.4.18 (Ubuntu) mod_jk/1.2.41 configured -- resuming normal operations
[Wed Dec 27 08:59:40.549684 2017] [core:notice] [pid 7:tid 140186571085696] AH00094: Command line: '/usr/sbin/apache2 -D FOREGROUND'
[Wed Dec 27 10:54:49.310735 2017] [jk:warn] [pid 7:tid 139934000277376] No JkLogFile defined in httpd.conf. Using default /var/log/apache2/mod_jk.log
[Wed Dec 27 10:54:49.315637 2017] [jk:warn] [pid 7:tid 139934000277376] No JkLogFile defined in httpd.conf. Using default /var/log/apache2/mod_jk.log
[Wed Dec 27 10:54:49.316419 2017] [jk:warn] [pid 7:tid 139934000277376] No JkShmFile defined in httpd.conf. Using default /var/log/apache2/jk-runtime-status
AH00558: apache2: Could not reliably determine the server's fully qualified domain name, using 172.17.0.5. Set the 'ServerName' directive globally to suppress this message
[Wed Dec 27 10:54:49.347832 2017] [jk:warn] [pid 7:tid 139934000277376] No JkLogFile defined in httpd.conf. Using default /var/log/apache2/mod_jk.log
[Wed Dec 27 10:54:49.347876 2017] [jk:warn] [pid 7:tid 139934000277376] No JkLogFile defined in httpd.conf. Using default /var/log/apache2/mod_jk.log
[Wed Dec 27 10:54:49.347948 2017] [jk:warn] [pid 7:tid 139934000277376] No JkShmFile defined in httpd.conf. Using default /var/log/apache2/jk-runtime-status
[Wed Dec 27 10:54:49.354987 2017] [mpm_event:notice] [pid 7:tid 139934000277376] AH00489: Apache/2.4.18 (Ubuntu) mod_jk/1.2.41 configured -- resuming normal operations
[Wed Dec 27 10:54:49.355043 2017] [core:notice] [pid 7:tid 139934000277376] AH00094: Command line: '/usr/sbin/apache2 -D FOREGROUND'
[Wed Dec 27 10:56:06.664016 2017] [jk:warn] [pid 8:tid 140196478658432] No JkLogFile defined in httpd.conf. Using default /var/log/apache2/mod_jk.log
[Wed Dec 27 10:56:06.664147 2017] [jk:warn] [pid 8:tid 140196478658432] No JkLogFile defined in httpd.conf. Using default /var/log/apache2/mod_jk.log
[Wed Dec 27 10:56:06.664309 2017] [jk:warn] [pid 8:tid 140196478658432] No JkShmFile defined in httpd.conf. Using default /var/log/apache2/jk-runtime-status
AH00558: apache2: Could not reliably determine the server's fully qualified domain name, using 172.17.0.4. Set the 'ServerName' directive globally to suppress this message
[Wed Dec 27 10:56:06.679297 2017] [jk:warn] [pid 8:tid 140196478658432] No JkLogFile defined in httpd.conf. Using default /var/log/apache2/mod_jk.log
[Wed Dec 27 10:56:06.679333 2017] [jk:warn] [pid 8:tid 140196478658432] No JkLogFile defined in httpd.conf. Using default /var/log/apache2/mod_jk.log
[Wed Dec 27 10:56:06.679406 2017] [jk:warn] [pid 8:tid 140196478658432] No JkShmFile defined in httpd.conf. Using default /var/log/apache2/jk-runtime-status
[Wed Dec 27 10:56:06.681757 2017] [core:warn] [pid 8:tid 140196478658432] AH00098: pid file /var/run/apache2/apache2.pid overwritten -- Unclean shutdown of previous Apache run?
[Wed Dec 27 10:56:06.685216 2017] [mpm_event:notice] [pid 8:tid 140196478658432] AH00489: Apache/2.4.18 (Ubuntu) mod_jk/1.2.41 configured -- resuming normal operations
[Wed Dec 27 10:56:06.685283 2017] [core:notice] [pid 8:tid 140196478658432] AH00094: Command line: '/usr/sbin/apache2 -D FOREGROUND'
[Wed Dec 27 11:00:01.353351 2017] [jk:warn] [pid 8:tid 139757773416320] No JkLogFile defined in httpd.conf. Using default /var/log/apache2/mod_jk.log
[Wed Dec 27 11:00:01.355216 2017] [jk:warn] [pid 8:tid 139757773416320] No JkLogFile defined in httpd.conf. Using default /var/log/apache2/mod_jk.log
[Wed Dec 27 11:00:01.355476 2017] [jk:warn] [pid 8:tid 139757773416320] No JkShmFile defined in httpd.conf. Using default /var/log/apache2/jk-runtime-status
AH00558: apache2: Could not reliably determine the server's fully qualified domain name, using 172.17.0.5. Set the 'ServerName' directive globally to suppress this message
[Wed Dec 27 11:00:01.369607 2017] [jk:warn] [pid 8:tid 139757773416320] No JkLogFile defined in httpd.conf. Using default /var/log/apache2/mod_jk.log
[Wed Dec 27 11:00:01.369653 2017] [jk:warn] [pid 8:tid 139757773416320] No JkLogFile defined in httpd.conf. Using default /var/log/apache2/mod_jk.log
[Wed Dec 27 11:00:01.369720 2017] [jk:warn] [pid 8:tid 139757773416320] No JkShmFile defined in httpd.conf. Using default /var/log/apache2/jk-runtime-status
[Wed Dec 27 11:00:01.374022 2017] [mpm_event:notice] [pid 8:tid 139757773416320] AH00489: Apache/2.4.18 (Ubuntu) mod_jk/1.2.41 configured -- resuming normal operations
[Wed Dec 27 11:00:01.374085 2017] [core:notice] [pid 8:tid 139757773416320] AH00094: Command line: '/usr/sbin/apache2 -D FOREGROUND'
[Wed Dec 27 11:53:19.052323 2017] [jk:warn] [pid 7:tid 139867570186112] No JkLogFile defined in httpd.conf. Using default /var/log/apache2/mod_jk.log
[Wed Dec 27 11:53:19.053030 2017] [jk:warn] [pid 7:tid 139867570186112] No JkLogFile defined in httpd.conf. Using default /var/log/apache2/mod_jk.log
[Wed Dec 27 11:53:19.054324 2017] [jk:warn] [pid 7:tid 139867570186112] No JkShmFile defined in httpd.conf. Using default /var/log/apache2/jk-runtime-status
AH00558: apache2: Could not reliably determine the server's fully qualified domain name, using 172.17.0.5. Set the 'ServerName' directive globally to suppress this message
[Wed Dec 27 11:53:19.103476 2017] [jk:warn] [pid 7:tid 139867570186112] No JkLogFile defined in httpd.conf. Using default /var/log/apache2/mod_jk.log
[Wed Dec 27 11:53:19.103519 2017] [jk:warn] [pid 7:tid 139867570186112] No JkLogFile defined in httpd.conf. Using default /var/log/apache2/mod_jk.log
[Wed Dec 27 11:53:19.103592 2017] [jk:warn] [pid 7:tid 139867570186112] No JkShmFile defined in httpd.conf. Using default /var/log/apache2/jk-runtime-status
[Wed Dec 27 11:53:19.115981 2017] [core:warn] [pid 7:tid 139867570186112] AH00098: pid file /var/run/apache2/apache2.pid overwritten -- Unclean shutdown of previous Apache run?
[Wed Dec 27 11:53:19.127051 2017] [mpm_event:notice] [pid 7:tid 139867570186112] AH00489: Apache/2.4.18 (Ubuntu) mod_jk/1.2.41 configured -- resuming normal operations
[Wed Dec 27 11:53:19.127101 2017] [core:notice] [pid 7:tid 139867570186112] AH00094: Command line: '/usr/sbin/apache2 -D FOREGROUND'
[Wed Dec 27 11:56:31.275369 2017] [jk:warn] [pid 7:tid 140009921623936] No JkLogFile defined in httpd.conf. Using default /var/log/apache2/mod_jk.log
[Wed Dec 27 11:56:31.275560 2017] [jk:warn] [pid 7:tid 140009921623936] No JkLogFile defined in httpd.conf. Using default /var/log/apache2/mod_jk.log
[Wed Dec 27 11:56:31.275768 2017] [jk:warn] [pid 7:tid 140009921623936] No JkShmFile defined in httpd.conf. Using default /var/log/apache2/jk-runtime-status
AH00558: apache2: Could not reliably determine the server's fully qualified domain name, using 172.17.0.5. Set the 'ServerName' directive globally to suppress this message
[Wed Dec 27 11:56:31.293016 2017] [jk:warn] [pid 7:tid 140009921623936] No JkLogFile defined in httpd.conf. Using default /var/log/apache2/mod_jk.log
[Wed Dec 27 11:56:31.293064 2017] [jk:warn] [pid 7:tid 140009921623936] No JkLogFile defined in httpd.conf. Using default /var/log/apache2/mod_jk.log
[Wed Dec 27 11:56:31.293160 2017] [jk:warn] [pid 7:tid 140009921623936] No JkShmFile defined in httpd.conf. Using default /var/log/apache2/jk-runtime-status
[Wed Dec 27 11:56:31.299204 2017] [mpm_event:notice] [pid 7:tid 140009921623936] AH00489: Apache/2.4.18 (Ubuntu) mod_jk/1.2.41 configured -- resuming normal operations
[Wed Dec 27 11:56:31.299274 2017] [core:notice] [pid 7:tid 140009921623936] AH00094: Command line: '/usr/sbin/apache2 -D FOREGROUND'
[Wed Dec 27 12:01:04.642020 2017] [jk:warn] [pid 7:tid 140429114001280] No JkLogFile defined in httpd.conf. Using default /var/log/apache2/mod_jk.log
[Wed Dec 27 12:01:04.642187 2017] [jk:warn] [pid 7:tid 140429114001280] No JkLogFile defined in httpd.conf. Using default /var/log/apache2/mod_jk.log
[Wed Dec 27 12:01:04.642330 2017] [jk:warn] [pid 7:tid 140429114001280] No JkShmFile defined in httpd.conf. Using default /var/log/apache2/jk-runtime-status
AH00558: apache2: Could not reliably determine the server's fully qualified domain name, using 172.17.0.5. Set the 'ServerName' directive globally to suppress this message
[Wed Dec 27 12:01:04.652739 2017] [jk:warn] [pid 7:tid 140429114001280] No JkLogFile defined in httpd.conf. Using default /var/log/apache2/mod_jk.log
[Wed Dec 27 12:01:04.652785 2017] [jk:warn] [pid 7:tid 140429114001280] No JkLogFile defined in httpd.conf. Using default /var/log/apache2/mod_jk.log
[Wed Dec 27 12:01:04.652860 2017] [jk:warn] [pid 7:tid 140429114001280] No JkShmFile defined in httpd.conf. Using default /var/log/apache2/jk-runtime-status
[Wed Dec 27 12:01:04.660028 2017] [mpm_event:notice] [pid 7:tid 140429114001280] AH00489: Apache/2.4.18 (Ubuntu) mod_jk/1.2.41 configured -- resuming normal operations
[Wed Dec 27 12:01:04.660089 2017] [core:notice] [pid 7:tid 140429114001280] AH00094: Command line: '/usr/sbin/apache2 -D FOREGROUND'
[Wed Dec 27 12:48:17.663435 2017] [jk:warn] [pid 7:tid 139903057938304] No JkLogFile defined in httpd.conf. Using default /var/log/apache2/mod_jk.log
[Wed Dec 27 12:48:17.663670 2017] [jk:warn] [pid 7:tid 139903057938304] No JkLogFile defined in httpd.conf. Using default /var/log/apache2/mod_jk.log
[Wed Dec 27 12:48:17.666016 2017] [jk:warn] [pid 7:tid 139903057938304] No JkShmFile defined in httpd.conf. Using default /var/log/apache2/jk-runtime-status
AH00558: apache2: Could not reliably determine the server's fully qualified domain name, using 172.17.0.5. Set the 'ServerName' directive globally to suppress this message
[Wed Dec 27 12:48:17.686872 2017] [jk:warn] [pid 7:tid 139903057938304] No JkLogFile defined in httpd.conf. Using default /var/log/apache2/mod_jk.log
[Wed Dec 27 12:48:17.686906 2017] [jk:warn] [pid 7:tid 139903057938304] No JkLogFile defined in httpd.conf. Using default /var/log/apache2/mod_jk.log
[Wed Dec 27 12:48:17.686989 2017] [jk:warn] [pid 7:tid 139903057938304] No JkShmFile defined in httpd.conf. Using default /var/log/apache2/jk-runtime-status
[Wed Dec 27 12:48:17.698550 2017] [mpm_event:notice] [pid 7:tid 139903057938304] AH00489: Apache/2.4.18 (Ubuntu) mod_jk/1.2.41 configured -- resuming normal operations
[Wed Dec 27 12:48:17.698606 2017] [core:notice] [pid 7:tid 139903057938304] AH00094: Command line: '/usr/sbin/apache2 -D FOREGROUND'
[Wed Dec 27 13:54:27.121542 2017] [jk:warn] [pid 8:tid 140638903486336] No JkLogFile defined in httpd.conf. Using default /var/log/apache2/mod_jk.log
[Wed Dec 27 13:54:27.122934 2017] [jk:warn] [pid 8:tid 140638903486336] No JkLogFile defined in httpd.conf. Using default /var/log/apache2/mod_jk.log
[Wed Dec 27 13:54:27.124509 2017] [jk:warn] [pid 8:tid 140638903486336] No JkShmFile defined in httpd.conf. Using default /var/log/apache2/jk-runtime-status
AH00558: apache2: Could not reliably determine the server's fully qualified domain name, using 172.17.0.4. Set the 'ServerName' directive globally to suppress this message
[Wed Dec 27 13:54:27.165745 2017] [jk:warn] [pid 8:tid 140638903486336] No JkLogFile defined in httpd.conf. Using default /var/log/apache2/mod_jk.log
[Wed Dec 27 13:54:27.165784 2017] [jk:warn] [pid 8:tid 140638903486336] No JkLogFile defined in httpd.conf. Using default /var/log/apache2/mod_jk.log
[Wed Dec 27 13:54:27.165865 2017] [jk:warn] [pid 8:tid 140638903486336] No JkShmFile defined in httpd.conf. Using default /var/log/apache2/jk-runtime-status
[Wed Dec 27 13:54:27.169899 2017] [mpm_event:notice] [pid 8:tid 140638903486336] AH00489: Apache/2.4.18 (Ubuntu) mod_jk/1.2.41 configured -- resuming normal operations
[Wed Dec 27 13:54:27.170007 2017] [core:notice] [pid 8:tid 140638903486336] AH00094: Command line: '/usr/sbin/apache2 -D FOREGROUND'
[Wed Dec 27 13:58:11.754843 2017] [jk:warn] [pid 8:tid 139978523092864] No JkLogFile defined in httpd.conf. Using default /var/log/apache2/mod_jk.log
[Wed Dec 27 13:58:11.755053 2017] [jk:warn] [pid 8:tid 139978523092864] No JkLogFile defined in httpd.conf. Using default /var/log/apache2/mod_jk.log
[Wed Dec 27 13:58:11.755199 2017] [jk:warn] [pid 8:tid 139978523092864] No JkShmFile defined in httpd.conf. Using default /var/log/apache2/jk-runtime-status
AH00558: apache2: Could not reliably determine the server's fully qualified domain name, using 172.17.0.4. Set the 'ServerName' directive globally to suppress this message
[Wed Dec 27 13:58:11.773516 2017] [jk:warn] [pid 8:tid 139978523092864] No JkLogFile defined in httpd.conf. Using default /var/log/apache2/mod_jk.log
[Wed Dec 27 13:58:11.773554 2017] [jk:warn] [pid 8:tid 139978523092864] No JkLogFile defined in httpd.conf. Using default /var/log/apache2/mod_jk.log
[Wed Dec 27 13:58:11.773609 2017] [jk:warn] [pid 8:tid 139978523092864] No JkShmFile defined in httpd.conf. Using default /var/log/apache2/jk-runtime-status
[Wed Dec 27 13:58:11.776330 2017] [mpm_event:notice] [pid 8:tid 139978523092864] AH00489: Apache/2.4.18 (Ubuntu) mod_jk/1.2.41 configured -- resuming normal operations
[Wed Dec 27 13:58:11.776391 2017] [core:notice] [pid 8:tid 139978523092864] AH00094: Command line: '/usr/sbin/apache2 -D FOREGROUND'
[Wed Dec 27 14:01:34.903296 2017] [jk:warn] [pid 8:tid 140525801740160] No JkLogFile defined in httpd.conf. Using default /var/log/apache2/mod_jk.log
[Wed Dec 27 14:01:34.903485 2017] [jk:warn] [pid 8:tid 140525801740160] No JkLogFile defined in httpd.conf. Using default /var/log/apache2/mod_jk.log
[Wed Dec 27 14:01:34.903656 2017] [jk:warn] [pid 8:tid 140525801740160] No JkShmFile defined in httpd.conf. Using default /var/log/apache2/jk-runtime-status
AH00558: apache2: Could not reliably determine the server's fully qualified domain name, using 172.17.0.4. Set the 'ServerName' directive globally to suppress this message
[Wed Dec 27 14:01:34.913189 2017] [jk:warn] [pid 8:tid 140525801740160] No JkLogFile defined in httpd.conf. Using default /var/log/apache2/mod_jk.log
[Wed Dec 27 14:01:34.913261 2017] [jk:warn] [pid 8:tid 140525801740160] No JkLogFile defined in httpd.conf. Using default /var/log/apache2/mod_jk.log
[Wed Dec 27 14:01:34.913339 2017] [jk:warn] [pid 8:tid 140525801740160] No JkShmFile defined in httpd.conf. Using default /var/log/apache2/jk-runtime-status
[Wed Dec 27 14:01:34.924421 2017] [mpm_event:notice] [pid 8:tid 140525801740160] AH00489: Apache/2.4.18 (Ubuntu) mod_jk/1.2.41 configured -- resuming normal operations
[Wed Dec 27 14:01:34.924478 2017] [core:notice] [pid 8:tid 140525801740160] AH00094: Command line: '/usr/sbin/apache2 -D FOREGROUND'
[Wed Dec 27 15:32:40.674542 2017] [jk:warn] [pid 6:tid 139632034068352] No JkLogFile defined in httpd.conf. Using default /var/log/apache2/mod_jk.log
[Wed Dec 27 15:32:40.690887 2017] [jk:warn] [pid 6:tid 139632034068352] No JkLogFile defined in httpd.conf. Using default /var/log/apache2/mod_jk.log
[Wed Dec 27 15:32:40.690963 2017] [jk:warn] [pid 6:tid 139632034068352] No JkShmFile defined in httpd.conf. Using default /var/log/apache2/jk-runtime-status
AH00558: apache2: Could not reliably determine the server's fully qualified domain name, using 172.17.0.2. Set the 'ServerName' directive globally to suppress this message
[Wed Dec 27 15:32:40.742224 2017] [jk:warn] [pid 6:tid 139632034068352] No JkLogFile defined in httpd.conf. Using default /var/log/apache2/mod_jk.log
[Wed Dec 27 15:32:40.742264 2017] [jk:warn] [pid 6:tid 139632034068352] No JkLogFile defined in httpd.conf. Using default /var/log/apache2/mod_jk.log
[Wed Dec 27 15:32:40.743664 2017] [jk:warn] [pid 6:tid 139632034068352] No JkShmFile defined in httpd.conf. Using default /var/log/apache2/jk-runtime-status
[Wed Dec 27 15:32:40.782146 2017] [mpm_event:notice] [pid 6:tid 139632034068352] AH00489: Apache/2.4.18 (Ubuntu) mod_jk/1.2.41 configured -- resuming normal operations
[Wed Dec 27 15:32:40.782162 2017] [core:notice] [pid 6:tid 139632034068352] AH00094: Command line: '/usr/sbin/apache2 -D FOREGROUND'
[Wed Dec 27 15:38:23.348798 2017] [jk:warn] [pid 6:tid 139939969755008] No JkLogFile defined in httpd.conf. Using default /var/log/apache2/mod_jk.log
[Wed Dec 27 15:38:23.348902 2017] [jk:warn] [pid 6:tid 139939969755008] No JkLogFile defined in httpd.conf. Using default /var/log/apache2/mod_jk.log
[Wed Dec 27 15:38:23.348954 2017] [jk:warn] [pid 6:tid 139939969755008] No JkShmFile defined in httpd.conf. Using default /var/log/apache2/jk-runtime-status
AH00558: apache2: Could not reliably determine the server's fully qualified domain name, using 172.17.0.3. Set the 'ServerName' directive globally to suppress this message
[Wed Dec 27 15:38:23.395141 2017] [jk:warn] [pid 6:tid 139939969755008] No JkLogFile defined in httpd.conf. Using default /var/log/apache2/mod_jk.log
[Wed Dec 27 15:38:23.395156 2017] [jk:warn] [pid 6:tid 139939969755008] No JkLogFile defined in httpd.conf. Using default /var/log/apache2/mod_jk.log
[Wed Dec 27 15:38:23.395189 2017] [jk:warn] [pid 6:tid 139939969755008] No JkShmFile defined in httpd.conf. Using default /var/log/apache2/jk-runtime-status
[Wed Dec 27 15:38:23.444293 2017] [mpm_event:notice] [pid 6:tid 139939969755008] AH00489: Apache/2.4.18 (Ubuntu) mod_jk/1.2.41 configured -- resuming normal operations
[Wed Dec 27 15:38:23.444311 2017] [core:notice] [pid 6:tid 139939969755008] AH00094: Command line: '/usr/sbin/apache2 -D FOREGROUND'
[Wed Dec 27 15:39:52.376963 2017] [jk:warn] [pid 6:tid 140502758332288] No JkLogFile defined in httpd.conf. Using default /var/log/apache2/mod_jk.log
[Wed Dec 27 15:39:52.418186 2017] [jk:warn] [pid 6:tid 140502758332288] No JkLogFile defined in httpd.conf. Using default /var/log/apache2/mod_jk.log
[Wed Dec 27 15:39:52.418244 2017] [jk:warn] [pid 6:tid 140502758332288] No JkShmFile defined in httpd.conf. Using default /var/log/apache2/jk-runtime-status
AH00558: apache2: Could not reliably determine the server's fully qualified domain name, using 172.17.0.3. Set the 'ServerName' directive globally to suppress this message
[Wed Dec 27 15:39:52.542045 2017] [jk:warn] [pid 6:tid 140502758332288] No JkLogFile defined in httpd.conf. Using default /var/log/apache2/mod_jk.log
[Wed Dec 27 15:39:52.542062 2017] [jk:warn] [pid 6:tid 140502758332288] No JkLogFile defined in httpd.conf. Using default /var/log/apache2/mod_jk.log
[Wed Dec 27 15:39:52.542095 2017] [jk:warn] [pid 6:tid 140502758332288] No JkShmFile defined in httpd.conf. Using default /var/log/apache2/jk-runtime-status
[Wed Dec 27 15:39:52.566786 2017] [mpm_event:notice] [pid 6:tid 140502758332288] AH00489: Apache/2.4.18 (Ubuntu) mod_jk/1.2.41 configured -- resuming normal operations
[Wed Dec 27 15:39:52.566803 2017] [core:notice] [pid 6:tid 140502758332288] AH00094: Command line: '/usr/sbin/apache2 -D FOREGROUND'
[Wed Dec 27 15:43:33.421340 2017] [jk:warn] [pid 6:tid 139856251451264] No JkLogFile defined in httpd.conf. Using default /var/log/apache2/mod_jk.log
[Wed Dec 27 15:43:33.421403 2017] [jk:warn] [pid 6:tid 139856251451264] No JkLogFile defined in httpd.conf. Using default /var/log/apache2/mod_jk.log
[Wed Dec 27 15:43:33.421450 2017] [jk:warn] [pid 6:tid 139856251451264] No JkShmFile defined in httpd.conf. Using default /var/log/apache2/jk-runtime-status
AH00558: apache2: Could not reliably determine the server's fully qualified domain name, using 172.17.0.4. Set the 'ServerName' directive globally to suppress this message
[Wed Dec 27 15:43:33.478049 2017] [jk:warn] [pid 6:tid 139856251451264] No JkLogFile defined in httpd.conf. Using default /var/log/apache2/mod_jk.log
[Wed Dec 27 15:43:33.478073 2017] [jk:warn] [pid 6:tid 139856251451264] No JkLogFile defined in httpd.conf. Using default /var/log/apache2/mod_jk.log
[Wed Dec 27 15:43:33.478108 2017] [jk:warn] [pid 6:tid 139856251451264] No JkShmFile defined in httpd.conf. Using default /var/log/apache2/jk-runtime-status
[Wed Dec 27 15:43:33.542904 2017] [mpm_event:notice] [pid 6:tid 139856251451264] AH00489: Apache/2.4.18 (Ubuntu) mod_jk/1.2.41 configured -- resuming normal operations
[Wed Dec 27 15:43:33.542921 2017] [core:notice] [pid 6:tid 139856251451264] AH00094: Command line: '/usr/sbin/apache2 -D FOREGROUND'
[Wed Dec 27 15:45:12.167694 2017] [jk:warn] [pid 6:tid 140639141611392] No JkLogFile defined in httpd.conf. Using default /var/log/apache2/mod_jk.log
[Wed Dec 27 15:45:12.167844 2017] [jk:warn] [pid 6:tid 140639141611392] No JkLogFile defined in httpd.conf. Using default /var/log/apache2/mod_jk.log
[Wed Dec 27 15:45:12.167908 2017] [jk:warn] [pid 6:tid 140639141611392] No JkShmFile defined in httpd.conf. Using default /var/log/apache2/jk-runtime-status
AH00558: apache2: Could not reliably determine the server's fully qualified domain name, using 172.17.0.3. Set the 'ServerName' directive globally to suppress this message
[Wed Dec 27 15:45:12.210958 2017] [jk:warn] [pid 6:tid 140639141611392] No JkLogFile defined in httpd.conf. Using default /var/log/apache2/mod_jk.log
[Wed Dec 27 15:45:12.210978 2017] [jk:warn] [pid 6:tid 140639141611392] No JkLogFile defined in httpd.conf. Using default /var/log/apache2/mod_jk.log
[Wed Dec 27 15:45:12.211012 2017] [jk:warn] [pid 6:tid 140639141611392] No JkShmFile defined in httpd.conf. Using default /var/log/apache2/jk-runtime-status
[Wed Dec 27 15:45:12.285770 2017] [mpm_event:notice] [pid 6:tid 140639141611392] AH00489: Apache/2.4.18 (Ubuntu) mod_jk/1.2.41 configured -- resuming normal operations
[Wed Dec 27 15:45:12.285790 2017] [core:notice] [pid 6:tid 140639141611392] AH00094: Command line: '/usr/sbin/apache2 -D FOREGROUND'
[Wed Dec 27 15:47:47.233694 2017] [jk:warn] [pid 6:tid 140443160192896] No JkLogFile defined in httpd.conf. Using default /var/log/apache2/mod_jk.log
[Wed Dec 27 15:47:47.233764 2017] [jk:warn] [pid 6:tid 140443160192896] No JkLogFile defined in httpd.conf. Using default /var/log/apache2/mod_jk.log
[Wed Dec 27 15:47:47.233819 2017] [jk:warn] [pid 6:tid 140443160192896] No JkShmFile defined in httpd.conf. Using default /var/log/apache2/jk-runtime-status
AH00558: apache2: Could not reliably determine the server's fully qualified domain name, using 172.17.0.3. Set the 'ServerName' directive globally to suppress this message
[Wed Dec 27 15:47:47.282283 2017] [jk:warn] [pid 6:tid 140443160192896] No JkLogFile defined in httpd.conf. Using default /var/log/apache2/mod_jk.log
[Wed Dec 27 15:47:47.282298 2017] [jk:warn] [pid 6:tid 140443160192896] No JkLogFile defined in httpd.conf. Using default /var/log/apache2/mod_jk.log
[Wed Dec 27 15:47:47.282331 2017] [jk:warn] [pid 6:tid 140443160192896] No JkShmFile defined in httpd.conf. Using default /var/log/apache2/jk-runtime-status
[Wed Dec 27 15:47:47.333353 2017] [mpm_event:notice] [pid 6:tid 140443160192896] AH00489: Apache/2.4.18 (Ubuntu) mod_jk/1.2.41 configured -- resuming normal operations
[Wed Dec 27 15:47:47.333373 2017] [core:notice] [pid 6:tid 140443160192896] AH00094: Command line: '/usr/sbin/apache2 -D FOREGROUND'
